<?xml version="1.0" encoding="UTF-8"?>
<!-- Generated by org.testng.reporters.JUnitReportReporter -->
<testsuite hostname="DESKTOP-A1U1BTM" failures="0" tests="1" name="base.TestCase" time="12.526" errors="0" timestamp="2022-09-21T16:41:51 GMT+01:00" skipped="0">
  <testcase classname="base.TestCase" name="test" time="12.526"/>
  <system-out/>
</testsuite> <!-- base.TestCase -->
