<?xml version="1.0" encoding="UTF-8"?>
<!-- Generated by org.testng.reporters.JUnitReportReporter -->
<testsuite hostname="DESKTOP-A1U1BTM" failures="0" tests="1" name="base.extentreporttestNG" time="0.154" errors="0" timestamp="2022-09-09T14:45:14 GMT+01:00" skipped="0">
  <testcase classname="base.extentreporttestNG" name="extentreport" time="0.154"/>
  <system-out/>
</testsuite> <!-- base.extentreporttestNG -->
