<?xml version="1.0" encoding="UTF-8"?>
<!-- Generated by org.testng.reporters.JUnitReportReporter -->
<testsuite hostname="DESKTOP-A1U1BTM" failures="0" tests="1" name="admin.AddUser" time="0.000" errors="0" timestamp="2022-09-16T09:01:28 GMT+01:00" skipped="1">
  <testcase classname="admin.AddUser" name="testttt" time="0.000">
    <skipped/>
  </testcase> <!-- testttt -->
  <system-out/>
</testsuite> <!-- admin.AddUser -->
